<?xml version="1.0" encoding="UTF-8" ?>
<testsuite 
errors="0" failures="0" hostname="FVFCC10EL414" name="api.Requests" tests="2" time="2.953" timestamp="2024-02-13T13:42:01">
  <properties>
    <property name="jline.esc.timeout" value="0"/>
    <property name="jna.platform.library.path" value="/usr/lib:/usr/lib"/>
    <property name="java.runtime.name" value="OpenJDK Runtime Environment"/>
    <property name="java.vm.version" value="11.0.16.1+0"/>
    <property
    name="sun.boot.library.path" value="/usr/local/Cellar/openjdk@11/11.0.16.1/libexec/openjdk.jdk/Contents/Home/lib"/>
    <property name="gopherProxySet" value="false"/>
    <property name="java.vm.vendor" value="Homebrew"/>
    <property
    name="java.vendor.url" value="https://github.com/Homebrew/homebrew-core/issues"/>
    <property name="path.separator" value=":"/>
    <property name="jna.loaded" value="true"/>
    <property name="java.vm.name" value="OpenJDK 64-Bit Server VM"/>
    <property name="sun.os.patch.level" value="unknown"/>
    <property name="user.country" value="GB"/>
    <property name="sun.java.launcher" value="SUN_STANDARD"/>
    <property name="jna.nosys" value="true"/>
    <property
    name="java.vm.specification.name" value="Java Virtual Machine Specification"/>
    <property
    name="user.dir" value="/Users/kiranhaleyur/phase5rpo/scalatest-restassured-sbt-api"/>
    <property name="java.vm.compressedOopsMode" value="Zero based"/>
    <property name="java.runtime.version" value="11.0.16.1+0"/>
    <property
    name="java.awt.graphicsenv" value="sun.awt.CGraphicsEnvironment"/>
    <property name="os.arch" value="x86_64"/>
    <property
    name="java.io.tmpdir" value="/var/folders/6t/k477mzmd45b3dt7_h9_w_28r0000gp/T/"/>
    <property name="line.separator" value=" "/>
    <property name="java.vm.specification.vendor" value="Oracle Corporation"/>
    <property name="log4j.ignoreTCL" value="true"/>
    <property name="os.name" value="Mac OS X"/>
    <property name="sun.jnu.encoding" value="UTF-8"/>
    <property
    name="scala.ext.dirs" value="/Users/kiranhaleyur/.sbt/1.0/java9-rt-ext-homebrew_11_0_16_1"/>
    <property
    name="jnidispatch.path" value="/Users/kiranhaleyur/Library/Caches/JNA/temp/jna11693264273353743095.tmp"/>
    <property
    name="java.library.path" value="/Users/kiranhaleyur/Library/Java/Extensions:/Library/Java/Extensions:/Network/Library/Java/Extensions:/System/Library/Java/Extensions:/usr/lib/java:."/>
    <property name="jdk.debug" value="release"/>
    <property name="java.class.version" value="55.0"/>
    <property
    name="java.specification.name" value="Java Platform API Specification"/>
    <property
    name="sbt.ipcsocket.tmpdir" value="/var/folders/6t/k477mzmd45b3dt7_h9_w_28r0000gp/T/.sbtb023ae35/ipcsocket"/>
    <property
    name="sun.management.compiler" value="HotSpot 64-Bit Tiered Compilers"/>
    <property name="os.version" value="13.6.1"/>
    <property
    name="http.nonProxyHosts" value="local|*.local|169.254/16|*.169.254/16"/>
    <property name="user.home" value="/Users/kiranhaleyur"/>
    <property
    name="swoval.tmpdir" value="/var/folders/6t/k477mzmd45b3dt7_h9_w_28r0000gp/T/.sbtb023ae35/swoval"/>
    <property name="user.timezone" value="Europe/London"/>
    <property name="java.awt.printerjob" value="sun.lwawt.macosx.CPrinterJob"/>
    <property name="file.encoding" value="UTF-8"/>
    <property name="java.specification.version" value="11"/>
    <property name="user.name" value="kiranhaleyur"/>
    <property
    name="java.class.path" value="/Users/kiranhaleyur/.local/bin/sbt-launch.jar"/>
    <property name="jline.shutdownhook" value="false"/>
    <property name="java.vm.specification.version" value="11"/>
    <property name="sun.arch.data.model" value="64"/>
    <property
    name="sun.java.command" value="/Users/kiranhaleyur/.local/bin/sbt-launch.jar test"/>
    <property
    name="java.home" value="/usr/local/Cellar/openjdk@11/11.0.16.1/libexec/openjdk.jdk/Contents/Home"/>
    <property name="user.language" value="en"/>
    <property name="java.specification.vendor" value="Oracle Corporation"/>
    <property name="awt.toolkit" value="sun.lwawt.macosx.LWCToolkit"/>
    <property name="java.vm.info" value="mixed mode"/>
    <property name="java.version" value="11.0.16.1"/>
    <property name="java.vendor" value="Homebrew"/>
    <property name="file.separator" value="/"/>
    <property name="java.version.date" value="2022-08-12"/>
    <property
    name="java.vendor.url.bug" value="https://github.com/Homebrew/homebrew-core/issues"/>
    <property name="sun.io.unicode.encoding" value="UnicodeBig"/>
    <property name="sun.cpu.endian" value="little"/>
    <property name="java.vendor.version" value="Homebrew"/>
    <property
    name="socksNonProxyHosts" value="local|*.local|169.254/16|*.169.254/16"/>
    <property
    name="ftp.nonProxyHosts" value="local|*.local|169.254/16|*.169.254/16"/>
    <property name="sun.cpu.isalist" value=""/>
  </properties>
  <testcase 
  name="*Feature* - Creating and getting single user request [success = 201 and 200] POST - Creating user" classname="api.Requests" time="2.598">
</testcase>
  <testcase 
  name="*Feature* - Creating and getting single user request [success = 201 and 200] GET - Getting single user by ID" classname="api.Requests" time="0.288">
</testcase>
  <system-out><![CDATA[]]></system-out>
  <system-err><![CDATA[]]></system-err>
</testsuite>
